
Showing logs for build [32mcb-kubecd-environment-pr-1092-6-fb5b6-1[0m stage [32mfrom-build-pack[0m and container [32mstep-credential-initializer-cfsxz[0m
{"level":"warn","ts":1578346883.5027313,"logger":"fallback-logger","caller":"logging/config.go:69","msg":"Fetch GitHub commit ID from kodata failed: \"ref: refs/heads/0.8.0-**-support-backwards-incompats\" is not a valid GitHub commit ID"}
{"level":"info","ts":1578346883.5062914,"logger":"fallback-logger","caller":"creds-init/main.go:40","msg":"Credentials initialized."}

Showing logs for build [32mcb-kubecd-environment-pr-1092-6-fb5b6-1[0m stage [32mfrom-build-pack[0m and container [32mstep-working-dir-initializer-9tnd2[0m
{"level":"warn","ts":1578346884.5376444,"logger":"fallback-logger","caller":"logging/config.go:69","msg":"Fetch GitHub commit ID from kodata failed: open /var/run/ko/HEAD: no such file or directory"}
{"level":"info","ts":1578346884.5394886,"logger":"fallback-logger","caller":"bash/main.go:64","msg":"Successfully executed command \"sh -c mkdir -p /workspace/source\"; output "}

Showing logs for build [32mcb-kubecd-environment-pr-1092-6-fb5b6-1[0m stage [32mfrom-build-pack[0m and container [32mstep-place-tools[0m

Showing logs for build [32mcb-kubecd-environment-pr-1092-6-fb5b6-1[0m stage [32mfrom-build-pack[0m and container [32mstep-git-source-cb-kubecd-environment-pr-1092-6-jc6mb[0m
{"level":"warn","ts":1578346912.6458704,"logger":"fallback-logger","caller":"logging/config.go:69","msg":"Fetch GitHub commit ID from kodata failed: \"ref: refs/heads/0.8.0-**-support-backwards-incompats\" is not a valid GitHub commit ID"}
{"level":"info","ts":1578346913.7614014,"logger":"fallback-logger","caller":"git/git.go:103","msg":"Successfully cloned https://github.com/cb-kubecd/environment-pr-1092-6-bdd-frontend-staging.git @ master in path /workspace/source"}

Showing logs for build [32mcb-kubecd-environment-pr-1092-6-fb5b6-1[0m stage [32mfrom-build-pack[0m and container [32mstep-git-merge[0m
Using SHAs from PULL_REFS=master:fa1f6394de85c66422e20e15595a19f4fd5fd085,1:5a46bdf0b69c267681070424aa929f9ff6897b24
DEBUG: ran git fetch --unshallow origin 5a46bdf0b69c267681070424aa929f9ff6897b24: fa1f6394de85c66422e20e15595a19f4fd5fd085: in 
DEBUG: ran git checkout master in 
DEBUG: ran git reset --hard fa1f6394de85c66422e20e15595a19f4fd5fd085 in 
DEBUG: ran clean --force -d . in 
DEBUG: ran git merge 5a46bdf0b69c267681070424aa929f9ff6897b24 in 
Merged SHA 5a46bdf0b69c267681070424aa929f9ff6897b24 with commit message 'chore: Promote bdd-nh-1578346030 to version 0.0.1' into base branch master

Showing logs for build [32mcb-kubecd-environment-pr-1092-6-fb5b6-1[0m stage [32mfrom-build-pack[0m and container [32mstep-build-helm-build[0m
WARNING: No $CHART_REPOSITORY defined so using the default value of: http://jenkins-x-chartmuseum:8080
Adding missing Helm repo: storage.googleapis.com https://storage.googleapis.com/chartmuseum.jenkins-x.io
WARNING: No secrets found on "helm/repos" due: reading the secret "helm/repos" from vault: no secret "helm/repos" not found in vault
Read credentials for https://storage.googleapis.com/chartmuseum.jenkins-x.io from vault helm/repos
Successfully added Helm repository storage.googleapis.com.
Adding missing Helm repo: jenkins-x-chartmuseum http://jenkins-x-chartmuseum:8080
WARNING: No secrets found on "helm/repos" due: reading the secret "helm/repos" from vault: no secret "helm/repos" not found in vault
Read credentials for http://jenkins-x-chartmuseum:8080 from vault helm/repos
Successfully added Helm repository jenkins-x-chartmuseum.
WARNING: No $CHART_REPOSITORY defined so using the default value of: http://jenkins-x-chartmuseum:8080
Adding missing Helm repo: chartmuseum.jenkins-x.io http://chartmuseum.jenkins-x.io
WARNING: No secrets found on "helm/repos" due: reading the secret "helm/repos" from vault: no secret "helm/repos" not found in vault
Read credentials for http://chartmuseum.jenkins-x.io from vault helm/repos
Successfully added Helm repository chartmuseum.jenkins-x.io.
